<?xml version="1.0" encoding="UTF-8" standalone="no"?>
<!DOCTYPE log SYSTEM "logger.dtd">
<log>
<record>
  <date>2020-11-08T12:34:06.192-0300</date>
  <logger>MATHEUS BEZERRA ANDRADE</logger>
  <level>FINE</level>
  <message>File 119110409-MATHEUS BEZERRA ANDRADE.zip was received. It was sent by MATHEUS BEZERRA ANDRADE from IP 192.168.1.4 at 08-11-2020 12*34*06</message>
</record>
</log>
<?xml version="1.0" encoding="UTF-8" standalone="no"?>
<!DOCTYPE log SYSTEM "logger.dtd">
<log>
<record>
  <date>2020-11-08T12:47:58.843-0300</date>
  <logger>MATHEUS BEZERRA ANDRADE</logger>
  <level>FINE</level>
  <message>File 119110409-MATHEUS BEZERRA ANDRADE.zip was received. It was sent by MATHEUS BEZERRA ANDRADE from IP 192.168.1.4 at 08-11-2020 12*47*58</message>
</record>
</log>
<?xml version="1.0" encoding="UTF-8" standalone="no"?>
<!DOCTYPE log SYSTEM "logger.dtd">
<log>
<record>
  <date>2020-11-08T21:58:34.941-0300</date>
  <logger>MATHEUS BEZERRA ANDRADE</logger>
  <level>FINE</level>
  <message>File 119110409-MATHEUS BEZERRA ANDRADE.zip was received. It was sent by MATHEUS BEZERRA ANDRADE from IP 192.168.1.4 at 08-11-2020 21*58*34</message>
</record>
