<?xml version="1.0" encoding="UTF-8" standalone="no"?>
<!DOCTYPE log SYSTEM "logger.dtd">
<log>
<record>
  <date>2020-10-30T17:39:00.549-0300</date>
  <logger>MATHEUS BEZERRA ANDRADE</logger>
  <level>FINE</level>
  <message>File 119110409-MATHEUS BEZERRA ANDRADE.zip was received. It was sent by MATHEUS BEZERRA ANDRADE from IP 192.168.1.5 at 30-10-2020 17*39*00</message>
</record>
</log>
<?xml version="1.0" encoding="UTF-8" standalone="no"?>
<!DOCTYPE log SYSTEM "logger.dtd">
<log>
<record>
  <date>2020-10-31T12:07:22.842-0300</date>
  <logger>MATHEUS BEZERRA ANDRADE</logger>
  <level>FINE</level>
  <message>File 119110409-MATHEUS BEZERRA ANDRADE.zip was received. It was sent by MATHEUS BEZERRA ANDRADE from IP 192.168.1.5 at 31-10-2020 12*07*22</message>
</record>
</log>
<?xml version="1.0" encoding="UTF-8" standalone="no"?>
<!DOCTYPE log SYSTEM "logger.dtd">
<log>
<record>
  <date>2020-11-01T02:21:36.414-0300</date>
  <logger>MATHEUS BEZERRA ANDRADE</logger>
  <level>FINE</level>
  <message>File 119110409-MATHEUS BEZERRA ANDRADE.zip was received. It was sent by MATHEUS BEZERRA ANDRADE from IP 192.168.1.5 at 01-11-2020 02*21*36</message>
</record>
